D:\DOCUMENTS\VISUAL STUDIO 2010\PROJECTS\AUDIO\AUDIO\RELEASE\MFCC.OBJ
D:\DOCUMENTS\VISUAL STUDIO 2010\PROJECTS\AUDIO\AUDIO\RELEASE\READWAVE.OBJ
D:\DOCUMENTS\VISUAL STUDIO 2010\PROJECTS\AUDIO\AUDIO\RELEASE\RECORD.OBJ
D:\DOCUMENTS\VISUAL STUDIO 2010\PROJECTS\AUDIO\AUDIO\RELEASE\VC100.PDB
D:\DOCUMENTS\VISUAL STUDIO 2010\PROJECTS\AUDIO\RELEASE\AUDIO.EXE
D:\DOCUMENTS\VISUAL STUDIO 2010\PROJECTS\AUDIO\RELEASE\AUDIO.PDB
D:\Documents\Visual Studio 2010\Projects\audiomatchfixed\audio\Release\audio.vcxprojResolveAssemblyReference.cache
D:\Documents\Visual Studio 2010\Projects\audiomatchfixed\audio\Release\audio.write.1.tlog
D:\Documents\Visual Studio 2010\Projects\audiomatchfixed\audio\Release\cl.command.1.tlog
D:\Documents\Visual Studio 2010\Projects\audiomatchfixed\audio\Release\CL.read.1.tlog
D:\Documents\Visual Studio 2010\Projects\audiomatchfixed\audio\Release\CL.write.1.tlog
D:\DOCUMENTS\VISUAL STUDIO 2010\PROJECTS\AUDIOMATCHFIXED\AUDIO\RELEASE\CONTINUOUSRECOGONITION.OBJ
D:\DOCUMENTS\VISUAL STUDIO 2010\PROJECTS\AUDIOMATCHFIXED\AUDIO\RELEASE\FIXEDDIGITRECOGNITION.OBJ
D:\Documents\Visual Studio 2010\Projects\audiomatchfixed\audio\Release\link.command.1.tlog
D:\Documents\Visual Studio 2010\Projects\audiomatchfixed\audio\Release\link.read.1.tlog
D:\Documents\Visual Studio 2010\Projects\audiomatchfixed\audio\Release\link.write.1.tlog
D:\DOCUMENTS\VISUAL STUDIO 2010\PROJECTS\AUDIOMATCHFIXED\AUDIO\RELEASE\MFCC.OBJ
D:\DOCUMENTS\VISUAL STUDIO 2010\PROJECTS\AUDIOMATCHFIXED\AUDIO\RELEASE\READWAVE.OBJ
D:\DOCUMENTS\VISUAL STUDIO 2010\PROJECTS\AUDIOMATCHFIXED\AUDIO\RELEASE\RECORD.OBJ
D:\Documents\Visual Studio 2010\Projects\audiomatchfixed\audio\Release\singleDTW.obj
D:\DOCUMENTS\VISUAL STUDIO 2010\PROJECTS\AUDIOMATCHFIXED\AUDIO\RELEASE\VC100.PDB
D:\DOCUMENTS\VISUAL STUDIO 2010\PROJECTS\AUDIOMATCHFIXED\RELEASE\AUDIO.EXE
D:\DOCUMENTS\VISUAL STUDIO 2010\PROJECTS\AUDIOMATCHFIXED\RELEASE\AUDIO.PDB
D:\DOCUMENTS\VISUAL STUDIO 2010\PROJECTS\CONTAUDIOMATCH\AUDIO\RELEASE\CONTINUOUSRECOGONITION.OBJ
D:\DOCUMENTS\VISUAL STUDIO 2010\PROJECTS\CONTAUDIOMATCH\AUDIO\RELEASE\MFCC.OBJ
D:\DOCUMENTS\VISUAL STUDIO 2010\PROJECTS\CONTAUDIOMATCH\AUDIO\RELEASE\READWAVE.OBJ
D:\DOCUMENTS\VISUAL STUDIO 2010\PROJECTS\CONTAUDIOMATCH\AUDIO\RELEASE\RECORD.OBJ
D:\DOCUMENTS\VISUAL STUDIO 2010\PROJECTS\CONTAUDIOMATCH\AUDIO\RELEASE\SINGLEDTW.OBJ
D:\DOCUMENTS\VISUAL STUDIO 2010\PROJECTS\CONTAUDIOMATCH\AUDIO\RELEASE\VC100.PDB
D:\DOCUMENTS\VISUAL STUDIO 2010\PROJECTS\CONTAUDIOMATCH\RELEASE\AUDIO.EXE
D:\DOCUMENTS\VISUAL STUDIO 2010\PROJECTS\CONTAUDIOMATCH\RELEASE\AUDIO.PDB
D:\DOCUMENTS\VISUAL STUDIO 2010\PROJECTS\KMEANSAUDIOMATCH\AUDIO\RELEASE\MFCC.OBJ
D:\DOCUMENTS\VISUAL STUDIO 2010\PROJECTS\KMEANSAUDIOMATCH\AUDIO\RELEASE\READWAVE.OBJ
D:\DOCUMENTS\VISUAL STUDIO 2010\PROJECTS\KMEANSAUDIOMATCH\AUDIO\RELEASE\RECORD.OBJ
D:\DOCUMENTS\VISUAL STUDIO 2010\PROJECTS\KMEANSAUDIOMATCH\AUDIO\RELEASE\SINGLEDTW.OBJ
D:\DOCUMENTS\VISUAL STUDIO 2010\PROJECTS\KMEANSAUDIOMATCH\AUDIO\RELEASE\VC100.PDB
D:\DOCUMENTS\VISUAL STUDIO 2010\PROJECTS\KMEANSAUDIOMATCH\RELEASE\AUDIO.EXE
D:\DOCUMENTS\VISUAL STUDIO 2010\PROJECTS\KMEANSAUDIOMATCH\RELEASE\AUDIO.PDB
D:\DOCUMENTS\VISUAL STUDIO 2010\PROJECTS\SINGLEAUDIOMATCH\AUDIO\RELEASE\MFCC.OBJ
D:\DOCUMENTS\VISUAL STUDIO 2010\PROJECTS\SINGLEAUDIOMATCH\AUDIO\RELEASE\READWAVE.OBJ
D:\DOCUMENTS\VISUAL STUDIO 2010\PROJECTS\SINGLEAUDIOMATCH\AUDIO\RELEASE\RECORD.OBJ
D:\DOCUMENTS\VISUAL STUDIO 2010\PROJECTS\SINGLEAUDIOMATCH\AUDIO\RELEASE\SINGLEDTW.OBJ
D:\DOCUMENTS\VISUAL STUDIO 2010\PROJECTS\SINGLEAUDIOMATCH\AUDIO\RELEASE\VC100.PDB
D:\DOCUMENTS\VISUAL STUDIO 2010\PROJECTS\SINGLEAUDIOMATCH\RELEASE\AUDIO.EXE
D:\DOCUMENTS\VISUAL STUDIO 2010\PROJECTS\SINGLEAUDIOMATCH\RELEASE\AUDIO.PDB
