生成启动时间为 2016/11/17 8:49:00。
     1>项目“D:\Documents\Visual Studio 2010\Projects\audiomatchfixed\audio\audio.vcxproj”在节点 2 上(build 个目标)。
     1>InitializeBuildStatus:
         正在对“Release\audio.unsuccessfulbuild”执行 Touch 任务。
       ClCompile:
         L:\Visual Studio 2010\VC\bin\CL.exe /c /ID:\portaudio\include /Zi /nologo /W3 /WX- /O2 /Oi /Oy- /GL /D WIN32 /D NDEBUG /D _CONSOLE /D _UNICODE /D UNICODE /Gm- /EHsc /MD /GS /Gy /fp:precise /Zc:wchar_t /Zc:forScope /Fo"Release\\" /Fd"Release\vc100.pdb" /Gd /TP /analyze- /errorReport:prompt continuousRecogonition.cpp FixedDigitRecognition.cpp record.cpp
         continuousRecogonition.cpp
     1>continuousRecogonition.cpp : warning C4819: 该文件包含不能在当前代码页(936)中表示的字符。请将该文件保存为 Unicode 格式以防止数据丢失
     1>continuousRecogonition.cpp(49): warning C4101: “sampleRate”: 未引用的局部变量
     1>continuousRecogonition.cpp(49): warning C4101: “numSamples”: 未引用的局部变量
     1>continuousRecogonition.cpp(289): warning C4018: “<”: 有符号/无符号不匹配
         FixedDigitRecognition.cpp
     1>FixedDigitRecognition.cpp(51): warning C4101: “temp”: 未引用的局部变量
         record.cpp
       Link:
         L:\Visual Studio 2010\VC\bin\link.exe /ERRORREPORT:PROMPT /OUT:"D:\Documents\Visual Studio 2010\Projects\audiomatchfixed\Release\audio.exe" /INCREMENTAL:NO /NOLOGO /LIBPATH:D:\fftw3 /LIBPATH:D:\portaudio\build\msvc\Win32\Release "libfftw3l-3.lib" "libfftw3f-3.lib" "libfftw3-3.lib" portaudio_x86.lib kernel32.lib user32.lib gdi32.lib winspool.lib comdlg32.lib advapi32.lib shell32.lib ole32.lib oleaut32.lib uuid.lib odbc32.lib odbccp32.lib /MANIFEST:NO /DEBUG /PDB:"D:\Documents\Visual Studio 2010\Projects\audiomatchfixed\Release\audio.pdb" /SUBSYSTEM:CONSOLE /OPT:REF /OPT:ICF /LTCG /TLBID:1 /DYNAMICBASE /NXCOMPAT /IMPLIB:"D:\Documents\Visual Studio 2010\Projects\audiomatchfixed\Release\audio.lib" /MACHINE:X86 Release\continuousRecogonition.obj
         Release\FixedDigitRecognition.obj
         Release\mfcc.obj
         Release\readwave.obj
         Release\record.obj
         正在生成代码
         已完成代码的生成
         audio.vcxproj -> D:\Documents\Visual Studio 2010\Projects\audiomatchfixed\Release\audio.exe
       FinalizeBuildStatus:
         正在删除文件“Release\audio.unsuccessfulbuild”。
         正在对“Release\audio.lastbuildstate”执行 Touch 任务。
     1>已完成生成项目“D:\Documents\Visual Studio 2010\Projects\audiomatchfixed\audio\audio.vcxproj”(build 个目标)的操作。

生成成功。

已用时间 00:00:02.64
