D:\DOCUMENTS\VISUAL STUDIO 2010\PROJECTS\BENCHMARK-TRAINING\DEBUG\MATCH.EXE
D:\DOCUMENTS\VISUAL STUDIO 2010\PROJECTS\BENCHMARK-TRAINING\DEBUG\MATCH.ILK
D:\DOCUMENTS\VISUAL STUDIO 2010\PROJECTS\BENCHMARK-TRAINING\DEBUG\MATCH.PDB
D:\Documents\Visual Studio 2010\Projects\benchmark-training\match\Debug\cl.command.1.tlog
D:\Documents\Visual Studio 2010\Projects\benchmark-training\match\Debug\CL.read.1.tlog
D:\Documents\Visual Studio 2010\Projects\benchmark-training\match\Debug\CL.write.1.tlog
D:\DOCUMENTS\VISUAL STUDIO 2010\PROJECTS\BENCHMARK-TRAINING\MATCH\DEBUG\GAUSSIAN-DTW.OBJ
D:\DOCUMENTS\VISUAL STUDIO 2010\PROJECTS\BENCHMARK-TRAINING\MATCH\DEBUG\KTRAIN.OBJ
D:\Documents\Visual Studio 2010\Projects\benchmark-training\match\Debug\link.1984.read.1.tlog
D:\Documents\Visual Studio 2010\Projects\benchmark-training\match\Debug\link.1984.write.1.tlog
D:\Documents\Visual Studio 2010\Projects\benchmark-training\match\Debug\link.1984-cvtres.read.1.tlog
D:\Documents\Visual Studio 2010\Projects\benchmark-training\match\Debug\link.1984-cvtres.write.1.tlog
D:\Documents\Visual Studio 2010\Projects\benchmark-training\match\Debug\link.2756.read.1.tlog
D:\Documents\Visual Studio 2010\Projects\benchmark-training\match\Debug\link.2756.write.1.tlog
D:\Documents\Visual Studio 2010\Projects\benchmark-training\match\Debug\link.2756-cvtres.read.1.tlog
D:\Documents\Visual Studio 2010\Projects\benchmark-training\match\Debug\link.2756-cvtres.write.1.tlog
D:\Documents\Visual Studio 2010\Projects\benchmark-training\match\Debug\link.2796.read.1.tlog
D:\Documents\Visual Studio 2010\Projects\benchmark-training\match\Debug\link.2796.write.1.tlog
D:\Documents\Visual Studio 2010\Projects\benchmark-training\match\Debug\link.2796-cvtres.read.1.tlog
D:\Documents\Visual Studio 2010\Projects\benchmark-training\match\Debug\link.2796-cvtres.write.1.tlog
D:\Documents\Visual Studio 2010\Projects\benchmark-training\match\Debug\link.3200.read.1.tlog
D:\Documents\Visual Studio 2010\Projects\benchmark-training\match\Debug\link.3200.write.1.tlog
D:\Documents\Visual Studio 2010\Projects\benchmark-training\match\Debug\link.3200-cvtres.read.1.tlog
D:\Documents\Visual Studio 2010\Projects\benchmark-training\match\Debug\link.3200-cvtres.write.1.tlog
D:\Documents\Visual Studio 2010\Projects\benchmark-training\match\Debug\link.3900.read.1.tlog
D:\Documents\Visual Studio 2010\Projects\benchmark-training\match\Debug\link.3900.write.1.tlog
D:\Documents\Visual Studio 2010\Projects\benchmark-training\match\Debug\link.3900-cvtres.read.1.tlog
D:\Documents\Visual Studio 2010\Projects\benchmark-training\match\Debug\link.3900-cvtres.write.1.tlog
D:\Documents\Visual Studio 2010\Projects\benchmark-training\match\Debug\link.3956.read.1.tlog
D:\Documents\Visual Studio 2010\Projects\benchmark-training\match\Debug\link.3956.write.1.tlog
D:\Documents\Visual Studio 2010\Projects\benchmark-training\match\Debug\link.3956-cvtres.read.1.tlog
D:\Documents\Visual Studio 2010\Projects\benchmark-training\match\Debug\link.3956-cvtres.write.1.tlog
D:\Documents\Visual Studio 2010\Projects\benchmark-training\match\Debug\link.4224.read.1.tlog
D:\Documents\Visual Studio 2010\Projects\benchmark-training\match\Debug\link.4224.write.1.tlog
D:\Documents\Visual Studio 2010\Projects\benchmark-training\match\Debug\link.4224-cvtres.read.1.tlog
D:\Documents\Visual Studio 2010\Projects\benchmark-training\match\Debug\link.4224-cvtres.write.1.tlog
D:\Documents\Visual Studio 2010\Projects\benchmark-training\match\Debug\link.4400.read.1.tlog
D:\Documents\Visual Studio 2010\Projects\benchmark-training\match\Debug\link.4400.write.1.tlog
D:\Documents\Visual Studio 2010\Projects\benchmark-training\match\Debug\link.4400-cvtres.read.1.tlog
D:\Documents\Visual Studio 2010\Projects\benchmark-training\match\Debug\link.4400-cvtres.write.1.tlog
D:\Documents\Visual Studio 2010\Projects\benchmark-training\match\Debug\link.4676.read.1.tlog
D:\Documents\Visual Studio 2010\Projects\benchmark-training\match\Debug\link.4676.write.1.tlog
D:\Documents\Visual Studio 2010\Projects\benchmark-training\match\Debug\link.4676-cvtres.read.1.tlog
D:\Documents\Visual Studio 2010\Projects\benchmark-training\match\Debug\link.4676-cvtres.write.1.tlog
D:\Documents\Visual Studio 2010\Projects\benchmark-training\match\Debug\link.5936.read.1.tlog
D:\Documents\Visual Studio 2010\Projects\benchmark-training\match\Debug\link.5936.write.1.tlog
D:\Documents\Visual Studio 2010\Projects\benchmark-training\match\Debug\link.5936-cvtres.read.1.tlog
D:\Documents\Visual Studio 2010\Projects\benchmark-training\match\Debug\link.5936-cvtres.write.1.tlog
D:\Documents\Visual Studio 2010\Projects\benchmark-training\match\Debug\link.6180.read.1.tlog
D:\Documents\Visual Studio 2010\Projects\benchmark-training\match\Debug\link.6180.write.1.tlog
D:\Documents\Visual Studio 2010\Projects\benchmark-training\match\Debug\link.6180-cvtres.read.1.tlog
D:\Documents\Visual Studio 2010\Projects\benchmark-training\match\Debug\link.6180-cvtres.write.1.tlog
D:\Documents\Visual Studio 2010\Projects\benchmark-training\match\Debug\link.6424.read.1.tlog
D:\Documents\Visual Studio 2010\Projects\benchmark-training\match\Debug\link.6424.write.1.tlog
D:\Documents\Visual Studio 2010\Projects\benchmark-training\match\Debug\link.6424-cvtres.read.1.tlog
D:\Documents\Visual Studio 2010\Projects\benchmark-training\match\Debug\link.6424-cvtres.write.1.tlog
D:\Documents\Visual Studio 2010\Projects\benchmark-training\match\Debug\link.7128.read.1.tlog
D:\Documents\Visual Studio 2010\Projects\benchmark-training\match\Debug\link.7128.write.1.tlog
D:\Documents\Visual Studio 2010\Projects\benchmark-training\match\Debug\link.7128-cvtres.read.1.tlog
D:\Documents\Visual Studio 2010\Projects\benchmark-training\match\Debug\link.7128-cvtres.write.1.tlog
D:\Documents\Visual Studio 2010\Projects\benchmark-training\match\Debug\link.command.1.tlog
D:\Documents\Visual Studio 2010\Projects\benchmark-training\match\Debug\link.read.1.tlog
D:\Documents\Visual Studio 2010\Projects\benchmark-training\match\Debug\link.write.1.tlog
D:\Documents\Visual Studio 2010\Projects\benchmark-training\match\Debug\link-cvtres.read.1.tlog
D:\Documents\Visual Studio 2010\Projects\benchmark-training\match\Debug\link-cvtres.write.1.tlog
D:\DOCUMENTS\VISUAL STUDIO 2010\PROJECTS\BENCHMARK-TRAINING\MATCH\DEBUG\MAIN.OBJ
D:\DOCUMENTS\VISUAL STUDIO 2010\PROJECTS\BENCHMARK-TRAINING\MATCH\DEBUG\MATCH.EXE.EMBED.MANIFEST
D:\DOCUMENTS\VISUAL STUDIO 2010\PROJECTS\BENCHMARK-TRAINING\MATCH\DEBUG\MATCH.EXE.EMBED.MANIFEST.RES
D:\DOCUMENTS\VISUAL STUDIO 2010\PROJECTS\BENCHMARK-TRAINING\MATCH\DEBUG\MATCH.EXE.INTERMEDIATE.MANIFEST
D:\Documents\Visual Studio 2010\Projects\benchmark-training\match\Debug\match.vcxprojResolveAssemblyReference.cache
D:\Documents\Visual Studio 2010\Projects\benchmark-training\match\Debug\match.write.1.tlog
D:\Documents\Visual Studio 2010\Projects\benchmark-training\match\Debug\match_manifest.rc
D:\Documents\Visual Studio 2010\Projects\benchmark-training\match\Debug\mt.command.1.tlog
D:\Documents\Visual Studio 2010\Projects\benchmark-training\match\Debug\mt.read.1.tlog
D:\Documents\Visual Studio 2010\Projects\benchmark-training\match\Debug\mt.write.1.tlog
D:\Documents\Visual Studio 2010\Projects\benchmark-training\match\Debug\rc.command.1.tlog
D:\Documents\Visual Studio 2010\Projects\benchmark-training\match\Debug\rc.read.1.tlog
D:\Documents\Visual Studio 2010\Projects\benchmark-training\match\Debug\rc.write.1.tlog
D:\Documents\Visual Studio 2010\Projects\benchmark-training\match\Debug\vc100.idb
D:\DOCUMENTS\VISUAL STUDIO 2010\PROJECTS\BENCHMARK-TRAINING\MATCH\DEBUG\VC100.PDB
