生成启动时间为 2016/11/16 17:50:45。
     1>项目“D:\Documents\Visual Studio 2010\Projects\benchmark-training\match\match.vcxproj”在节点 2 上(build 个目标)。
     1>InitializeBuildStatus:
         正在创建“Debug\match.unsuccessfulbuild”，因为已指定“AlwaysCreate”。
       ClCompile:
         L:\Visual Studio 2010\VC\bin\CL.exe /c /ZI /nologo /W3 /WX- /Od /Oy- /D WIN32 /D _DEBUG /D _CONSOLE /D _UNICODE /D UNICODE /Gm /EHsc /RTC1 /MDd /GS /fp:precise /Zc:wchar_t /Zc:forScope /Fo"Debug\\" /Fd"Debug\vc100.pdb" /Gd /TP /analyze- /errorReport:prompt ktrain.cpp
         ktrain.cpp
     1>d:\documents\visual studio 2010\projects\benchmark-training\match\ktrain.cpp(481): warning C4018: “<”: 有符号/无符号不匹配
     1>d:\documents\visual studio 2010\projects\benchmark-training\match\ktrain.cpp(501): warning C4018: “<”: 有符号/无符号不匹配
     1>d:\documents\visual studio 2010\projects\benchmark-training\match\ktrain.cpp(576): warning C4018: “<”: 有符号/无符号不匹配
     1>d:\documents\visual studio 2010\projects\benchmark-training\match\ktrain.cpp(579): warning C4018: “<”: 有符号/无符号不匹配
     1>d:\documents\visual studio 2010\projects\benchmark-training\match\ktrain.cpp(647): warning C4101: “k”: 未引用的局部变量
     1>d:\documents\visual studio 2010\projects\benchmark-training\match\ktrain.cpp(690): warning C4018: “<”: 有符号/无符号不匹配
     1>d:\documents\visual studio 2010\projects\benchmark-training\match\ktrain.cpp(693): warning C4018: “<”: 有符号/无符号不匹配
       ManifestResourceCompile:
         所有输出均为最新。
       Link:
         L:\Visual Studio 2010\VC\bin\link.exe /ERRORREPORT:PROMPT /OUT:"D:\Documents\Visual Studio 2010\Projects\benchmark-training\Debug\match.exe" /INCREMENTAL /NOLOGO kernel32.lib user32.lib gdi32.lib winspool.lib comdlg32.lib advapi32.lib shell32.lib ole32.lib oleaut32.lib uuid.lib odbc32.lib odbccp32.lib /MANIFEST /ManifestFile:"Debug\match.exe.intermediate.manifest" /MANIFESTUAC:"level='asInvoker' uiAccess='false'" /DEBUG /PDB:"D:\Documents\Visual Studio 2010\Projects\benchmark-training\Debug\match.pdb" /SUBSYSTEM:CONSOLE /TLBID:1 /DYNAMICBASE /NXCOMPAT /IMPLIB:"D:\Documents\Visual Studio 2010\Projects\benchmark-training\Debug\match.lib" /MACHINE:X86 Debug\match.exe.embed.manifest.res
         "Debug\gaussian-DTW.obj"
         Debug\ktrain.obj
         Debug\Main.obj
       Manifest:
         C:\Program Files (x86)\Microsoft SDKs\Windows\v7.0A\bin\mt.exe /nologo /verbose /out:"Debug\match.exe.embed.manifest" /manifest Debug\match.exe.intermediate.manifest
         所有输出均为最新。
       LinkEmbedManifest:
         所有输出均为最新。
         match.vcxproj -> D:\Documents\Visual Studio 2010\Projects\benchmark-training\Debug\match.exe
       FinalizeBuildStatus:
         正在删除文件“Debug\match.unsuccessfulbuild”。
         正在对“Debug\match.lastbuildstate”执行 Touch 任务。
     1>已完成生成项目“D:\Documents\Visual Studio 2010\Projects\benchmark-training\match\match.vcxproj”(build 个目标)的操作。

生成成功。

已用时间 00:00:01.21
