生成启动时间为 2016/11/16 18:53:55。
     1>项目“D:\Documents\Visual Studio 2010\Projects\benchmark-training\match\match.vcxproj”在节点 2 上(build 个目标)。
     1>InitializeBuildStatus:
         正在创建“Release\match.unsuccessfulbuild”，因为已指定“AlwaysCreate”。
       ClCompile:
         L:\Visual Studio 2010\VC\bin\CL.exe /c /Zi /nologo /W3 /WX- /O2 /Oi /Oy- /GL /D WIN32 /D NDEBUG /D _CONSOLE /D _UNICODE /D UNICODE /Gm- /EHsc /MD /GS /Gy /fp:precise /Zc:wchar_t /Zc:forScope /Fo"Release\\" /Fd"Release\vc100.pdb" /Gd /TP /analyze- /errorReport:prompt ktrain.cpp
         ktrain.cpp
     1>ktrain.cpp(481): warning C4018: “<”: 有符号/无符号不匹配
     1>ktrain.cpp(501): warning C4018: “<”: 有符号/无符号不匹配
     1>ktrain.cpp(576): warning C4018: “<”: 有符号/无符号不匹配
     1>ktrain.cpp(579): warning C4018: “<”: 有符号/无符号不匹配
     1>ktrain.cpp(647): warning C4101: “k”: 未引用的局部变量
     1>ktrain.cpp(690): warning C4018: “<”: 有符号/无符号不匹配
     1>ktrain.cpp(693): warning C4018: “<”: 有符号/无符号不匹配
       Link:
         L:\Visual Studio 2010\VC\bin\link.exe /ERRORREPORT:PROMPT /OUT:"D:\Documents\Visual Studio 2010\Projects\benchmark-training\Release\match.exe" /INCREMENTAL:NO /NOLOGO kernel32.lib user32.lib gdi32.lib winspool.lib comdlg32.lib advapi32.lib shell32.lib ole32.lib oleaut32.lib uuid.lib odbc32.lib odbccp32.lib /MANIFEST /ManifestFile:"Release\match.exe.intermediate.manifest" /MANIFESTUAC:"level='asInvoker' uiAccess='false'" /DEBUG /PDB:"D:\Documents\Visual Studio 2010\Projects\benchmark-training\Release\match.pdb" /SUBSYSTEM:CONSOLE /OPT:REF /OPT:ICF /LTCG /TLBID:1 /DYNAMICBASE /NXCOMPAT /IMPLIB:"D:\Documents\Visual Studio 2010\Projects\benchmark-training\Release\match.lib" /MACHINE:X86 "Release\gaussian-DTW.obj"
         Release\ktrain.obj
         Release\Main.obj
         正在生成代码
         已完成代码的生成
         match.vcxproj -> D:\Documents\Visual Studio 2010\Projects\benchmark-training\Release\match.exe
       Manifest:
         C:\Program Files (x86)\Microsoft SDKs\Windows\v7.0A\bin\mt.exe /nologo /verbose /outputresource:"D:\Documents\Visual Studio 2010\Projects\benchmark-training\Release\match.exe;#1" /manifest Release\match.exe.intermediate.manifest
       FinalizeBuildStatus:
         正在删除文件“Release\match.unsuccessfulbuild”。
         正在对“Release\match.lastbuildstate”执行 Touch 任务。
     1>已完成生成项目“D:\Documents\Visual Studio 2010\Projects\benchmark-training\match\match.vcxproj”(build 个目标)的操作。

生成成功。

已用时间 00:00:02.09
